<?xml version="1.0" encoding="utf-8"?>
<TestRun id="2b97055b-933b-498b-a8dd-be1656857932" name="J.Jesus@CHUY-PC 2021-01-25 10:00:55" runUser="CHUY-PC\J.Jesus" xmlns="http://microsoft.com/schemas/VisualStudio/TeamTest/2010">
  <Times creation="2021-01-25T10:00:55.1200124-06:00" queuing="2021-01-25T10:00:55.1200124-06:00" start="2021-01-25T10:00:51.4226101-06:00" finish="2021-01-25T10:00:55.5648920-06:00" />
  <TestSettings name="default" id="78eb6576-f4d8-47bc-8789-404322d988ed">
    <Deployment runDeploymentRoot="J.Jesus_CHUY-PC_2021-01-25_10_00_55" />
  </TestSettings>
  <Results>
    <UnitTestResult executionId="d9ae0d1b-40e1-4095-9bfd-6bb6af4095d8" testId="f2713fc5-5d6b-c1da-1226-0211ea07065c" testName="GameEngine.Tests1.BossEnemyShould.HaveCorrectPower" computerName="CHUY-PC" duration="00:00:00.0072816" startTime="2021-01-25T10:00:54.6519701-06:00" endTime="2021-01-25T10:00:54.6520728-06:00" testType="13cdc9d9-ddb5-4fa4-a97d-d965ccfc6d4b" outcome="Passed" testListId="8c84fa94-04c1-424b-9868-57a2d4851a1d" relativeResultsDirectory="d9ae0d1b-40e1-4095-9bfd-6bb6af4095d8">
      <Output>
        <StdOut>Creating Boss Enemy</StdOut>
      </Output>
    </UnitTestResult>
  </Results>
  <TestDefinitions>
    <UnitTest name="GameEngine.Tests1.BossEnemyShould.HaveCorrectPower" storage="c:\miscursos\dotnetxunittest\02\demos\after\02startingtest\gameengine.tests1\bin\debug\netcoreapp3.1\gameengine.tests1.dll" id="f2713fc5-5d6b-c1da-1226-0211ea07065c">
      <Execution id="d9ae0d1b-40e1-4095-9bfd-6bb6af4095d8" />
      <TestMethod codeBase="C:\MisCursos\DotNetxUnitTest\02\demos\after\02StartingTest\GameEngine.Tests1\bin\Debug\netcoreapp3.1\GameEngine.Tests1.dll" adapterTypeName="executor://xunit/VsTestRunner2/netcoreapp" className="GameEngine.Tests1.BossEnemyShould" name="HaveCorrectPower" />
    </UnitTest>
  </TestDefinitions>
  <TestEntries>
    <TestEntry testId="f2713fc5-5d6b-c1da-1226-0211ea07065c" executionId="d9ae0d1b-40e1-4095-9bfd-6bb6af4095d8" testListId="8c84fa94-04c1-424b-9868-57a2d4851a1d" />
  </TestEntries>
  <TestLists>
    <TestList name="Results Not in a List" id="8c84fa94-04c1-424b-9868-57a2d4851a1d" />
    <TestList name="All Loaded Results" id="19431567-8539-422a-85d7-44ee4e166bda" />
  </TestLists>
  <ResultSummary outcome="Completed">
    <Counters total="1" executed="1" passed="1" failed="0" error="0" timeout="0" aborted="0" inconclusive="0" passedButRunAborted="0" notRunnable="0" notExecuted="0" disconnected="0" warning="0" completed="0" inProgress="0" pending="0" />
    <Output>
      <StdOut>[xUnit.net 00:00:00.00] xUnit.net VSTest Adapter v2.4.0 (64-bit .NET Core 3.1.6)&#xD;
[xUnit.net 00:00:00.89]   Discovering: GameEngine.Tests1&#xD;
[xUnit.net 00:00:00.95]   Discovered:  GameEngine.Tests1&#xD;
[xUnit.net 00:00:00.96]   Starting:    GameEngine.Tests1&#xD;
[xUnit.net 00:00:01.06]   Finished:    GameEngine.Tests1&#xD;
</StdOut>
    </Output>
  </ResultSummary>
</TestRun>